<?xml version="1.0" encoding="UTF-8"?>
<testsuite xmlns:xsi="http://www.w3.org/2001/XMLSchema-instance" xsi:noNamespaceSchemaLocation="https://maven.apache.org/surefire/maven-surefire-plugin/xsd/surefire-test-report-3.0.xsd" version="3.0" name="TestSuite" time="15.115" tests="1" errors="0" skipped="0" failures="0">
  <properties>
    <property name="sun.desktop" value="gnome"/>
    <property name="awt.toolkit" value="sun.awt.X11.XToolkit"/>
    <property name="java.specification.version" value="1.8"/>
    <property name="file.encoding.pkg" value="sun.io"/>
    <property name="webdriver.chrome.driver" value="/home/dell/Desktop/ShivaJars/chromedriver_linux64/chromedriver"/>
    <property name="sun.cpu.isalist" value=""/>
    <property name="sun.jnu.encoding" value="UTF-8"/>
    <property name="java.class.path" value="/home/dell/shivaNewWorkspace/developmentDemo3/target/test-classes:/home/dell/shivaNewWorkspace/developmentDemo3/target/classes:/home/dell/.m2/repository/org/seleniumhq/selenium/selenium-java/3.6.0/selenium-java-3.6.0.jar:/home/dell/.m2/repository/org/seleniumhq/selenium/selenium-api/3.6.0/selenium-api-3.6.0.jar:/home/dell/.m2/repository/org/seleniumhq/selenium/selenium-chrome-driver/3.6.0/selenium-chrome-driver-3.6.0.jar:/home/dell/.m2/repository/org/seleniumhq/selenium/selenium-edge-driver/3.6.0/selenium-edge-driver-3.6.0.jar:/home/dell/.m2/repository/org/seleniumhq/selenium/selenium-firefox-driver/3.6.0/selenium-firefox-driver-3.6.0.jar:/home/dell/.m2/repository/org/seleniumhq/selenium/selenium-ie-driver/3.6.0/selenium-ie-driver-3.6.0.jar:/home/dell/.m2/repository/org/seleniumhq/selenium/selenium-opera-driver/3.6.0/selenium-opera-driver-3.6.0.jar:/home/dell/.m2/repository/org/seleniumhq/selenium/selenium-remote-driver/3.6.0/selenium-remote-driver-3.6.0.jar:/home/dell/.m2/repository/org/seleniumhq/selenium/selenium-safari-driver/3.6.0/selenium-safari-driver-3.6.0.jar:/home/dell/.m2/repository/org/seleniumhq/selenium/selenium-support/3.6.0/selenium-support-3.6.0.jar:/home/dell/.m2/repository/net/bytebuddy/byte-buddy/1.7.5/byte-buddy-1.7.5.jar:/home/dell/.m2/repository/org/apache/commons/commons-exec/1.3/commons-exec-1.3.jar:/home/dell/.m2/repository/commons-codec/commons-codec/1.10/commons-codec-1.10.jar:/home/dell/.m2/repository/commons-logging/commons-logging/1.2/commons-logging-1.2.jar:/home/dell/.m2/repository/com/google/code/gson/gson/2.8.0/gson-2.8.0.jar:/home/dell/.m2/repository/com/google/guava/guava/23.0/guava-23.0.jar:/home/dell/.m2/repository/com/google/code/findbugs/jsr305/1.3.9/jsr305-1.3.9.jar:/home/dell/.m2/repository/com/google/errorprone/error_prone_annotations/2.0.18/error_prone_annotations-2.0.18.jar:/home/dell/.m2/repository/com/google/j2objc/j2objc-annotations/1.1/j2objc-annotations-1.1.jar:/home/dell/.m2/repository/org/codehaus/mojo/animal-sniffer-annotations/1.14/animal-sniffer-annotations-1.14.jar:/home/dell/.m2/repository/org/apache/httpcomponents/httpclient/4.5.3/httpclient-4.5.3.jar:/home/dell/.m2/repository/org/apache/httpcomponents/httpcore/4.4.6/httpcore-4.4.6.jar:/home/dell/.m2/repository/net/java/dev/jna/jna/4.1.0/jna-4.1.0.jar:/home/dell/.m2/repository/net/java/dev/jna/jna-platform/4.1.0/jna-platform-4.1.0.jar:/home/dell/.m2/repository/org/testng/testng/6.14.3/testng-6.14.3.jar:/home/dell/.m2/repository/com/beust/jcommander/1.72/jcommander-1.72.jar:/home/dell/.m2/repository/org/apache-extras/beanshell/bsh/2.0b6/bsh-2.0b6.jar:/home/dell/.m2/repository/org/apache/poi/poi/4.1.2/poi-4.1.2.jar:/home/dell/.m2/repository/org/apache/commons/commons-collections4/4.4/commons-collections4-4.4.jar:/home/dell/.m2/repository/org/apache/commons/commons-math3/3.6.1/commons-math3-3.6.1.jar:/home/dell/.m2/repository/com/zaxxer/SparseBitSet/1.2/SparseBitSet-1.2.jar:/home/dell/.m2/repository/org/apache/poi/poi-ooxml/4.1.2/poi-ooxml-4.1.2.jar:/home/dell/.m2/repository/org/apache/poi/poi-ooxml-schemas/4.1.2/poi-ooxml-schemas-4.1.2.jar:/home/dell/.m2/repository/org/apache/xmlbeans/xmlbeans/3.1.0/xmlbeans-3.1.0.jar:/home/dell/.m2/repository/org/apache/commons/commons-compress/1.19/commons-compress-1.19.jar:/home/dell/.m2/repository/com/github/virtuald/curvesapi/1.06/curvesapi-1.06.jar:/home/dell/.m2/repository/commons-io/commons-io/2.7/commons-io-2.7.jar:/home/dell/.m2/repository/mysql/mysql-connector-java/8.0.20/mysql-connector-java-8.0.20.jar:/home/dell/.m2/repository/com/google/protobuf/protobuf-java/3.6.1/protobuf-java-3.6.1.jar:/home/dell/.m2/repository/com/aventstack/extentreports/4.0.9/extentreports-4.0.9.jar:/home/dell/.m2/repository/org/freemarker/freemarker/2.3.23/freemarker-2.3.23.jar:/home/dell/.m2/repository/org/mongodb/mongodb-driver/3.3.0/mongodb-driver-3.3.0.jar:/home/dell/.m2/repository/org/mongodb/mongodb-driver-core/3.3.0/mongodb-driver-core-3.3.0.jar:/home/dell/.m2/repository/org/mongodb/bson/3.3.0/bson-3.3.0.jar:/home/dell/.m2/repository/org/apache/httpcomponents/httpmime/4.5.2/httpmime-4.5.2.jar:/home/dell/.m2/repository/org/codehaus/mojo/xslt-maven-plugin/1.0/xslt-maven-plugin-1.0.jar:/home/dell/.m2/repository/org/apache/maven/maven-plugin-api/2.0.2/maven-plugin-api-2.0.2.jar:/home/dell/.m2/repository/plexus/plexus-utils/1.0.3/plexus-utils-1.0.3.jar:/home/dell/.m2/repository/log4j/log4j/1.2.17/log4j-1.2.17.jar:"/>
    <property name="java.vm.vendor" value="Oracle Corporation"/>
    <property name="sun.arch.data.model" value="64"/>
    <property name="java.vendor.url" value="http://java.oracle.com/"/>
    <property name="user.timezone" value="Asia/Kolkata"/>
    <property name="java.vm.specification.version" value="1.8"/>
    <property name="os.name" value="Linux"/>
    <property name="user.country" value="IN"/>
    <property name="sun.java.launcher" value="SUN_STANDARD"/>
    <property name="sun.boot.library.path" value="/usr/lib/java/jdk1.8.0_231/jre/lib/amd64"/>
    <property name="sun.java.command" value="/home/dell/shivaNewWorkspace/developmentDemo3/target/surefire/surefirebooter5309500135671167296.jar /home/dell/shivaNewWorkspace/developmentDemo3/target/surefire 2020-07-13T14-12-33_759-jvmRun1 surefire2285012306332125216tmp surefire_05218875035999741615tmp"/>
    <property name="surefire.test.class.path" value="/home/dell/shivaNewWorkspace/developmentDemo3/target/test-classes:/home/dell/shivaNewWorkspace/developmentDemo3/target/classes:/home/dell/.m2/repository/org/seleniumhq/selenium/selenium-java/3.6.0/selenium-java-3.6.0.jar:/home/dell/.m2/repository/org/seleniumhq/selenium/selenium-api/3.6.0/selenium-api-3.6.0.jar:/home/dell/.m2/repository/org/seleniumhq/selenium/selenium-chrome-driver/3.6.0/selenium-chrome-driver-3.6.0.jar:/home/dell/.m2/repository/org/seleniumhq/selenium/selenium-edge-driver/3.6.0/selenium-edge-driver-3.6.0.jar:/home/dell/.m2/repository/org/seleniumhq/selenium/selenium-firefox-driver/3.6.0/selenium-firefox-driver-3.6.0.jar:/home/dell/.m2/repository/org/seleniumhq/selenium/selenium-ie-driver/3.6.0/selenium-ie-driver-3.6.0.jar:/home/dell/.m2/repository/org/seleniumhq/selenium/selenium-opera-driver/3.6.0/selenium-opera-driver-3.6.0.jar:/home/dell/.m2/repository/org/seleniumhq/selenium/selenium-remote-driver/3.6.0/selenium-remote-driver-3.6.0.jar:/home/dell/.m2/repository/org/seleniumhq/selenium/selenium-safari-driver/3.6.0/selenium-safari-driver-3.6.0.jar:/home/dell/.m2/repository/org/seleniumhq/selenium/selenium-support/3.6.0/selenium-support-3.6.0.jar:/home/dell/.m2/repository/net/bytebuddy/byte-buddy/1.7.5/byte-buddy-1.7.5.jar:/home/dell/.m2/repository/org/apache/commons/commons-exec/1.3/commons-exec-1.3.jar:/home/dell/.m2/repository/commons-codec/commons-codec/1.10/commons-codec-1.10.jar:/home/dell/.m2/repository/commons-logging/commons-logging/1.2/commons-logging-1.2.jar:/home/dell/.m2/repository/com/google/code/gson/gson/2.8.0/gson-2.8.0.jar:/home/dell/.m2/repository/com/google/guava/guava/23.0/guava-23.0.jar:/home/dell/.m2/repository/com/google/code/findbugs/jsr305/1.3.9/jsr305-1.3.9.jar:/home/dell/.m2/repository/com/google/errorprone/error_prone_annotations/2.0.18/error_prone_annotations-2.0.18.jar:/home/dell/.m2/repository/com/google/j2objc/j2objc-annotations/1.1/j2objc-annotations-1.1.jar:/home/dell/.m2/repository/org/codehaus/mojo/animal-sniffer-annotations/1.14/animal-sniffer-annotations-1.14.jar:/home/dell/.m2/repository/org/apache/httpcomponents/httpclient/4.5.3/httpclient-4.5.3.jar:/home/dell/.m2/repository/org/apache/httpcomponents/httpcore/4.4.6/httpcore-4.4.6.jar:/home/dell/.m2/repository/net/java/dev/jna/jna/4.1.0/jna-4.1.0.jar:/home/dell/.m2/repository/net/java/dev/jna/jna-platform/4.1.0/jna-platform-4.1.0.jar:/home/dell/.m2/repository/org/testng/testng/6.14.3/testng-6.14.3.jar:/home/dell/.m2/repository/com/beust/jcommander/1.72/jcommander-1.72.jar:/home/dell/.m2/repository/org/apache-extras/beanshell/bsh/2.0b6/bsh-2.0b6.jar:/home/dell/.m2/repository/org/apache/poi/poi/4.1.2/poi-4.1.2.jar:/home/dell/.m2/repository/org/apache/commons/commons-collections4/4.4/commons-collections4-4.4.jar:/home/dell/.m2/repository/org/apache/commons/commons-math3/3.6.1/commons-math3-3.6.1.jar:/home/dell/.m2/repository/com/zaxxer/SparseBitSet/1.2/SparseBitSet-1.2.jar:/home/dell/.m2/repository/org/apache/poi/poi-ooxml/4.1.2/poi-ooxml-4.1.2.jar:/home/dell/.m2/repository/org/apache/poi/poi-ooxml-schemas/4.1.2/poi-ooxml-schemas-4.1.2.jar:/home/dell/.m2/repository/org/apache/xmlbeans/xmlbeans/3.1.0/xmlbeans-3.1.0.jar:/home/dell/.m2/repository/org/apache/commons/commons-compress/1.19/commons-compress-1.19.jar:/home/dell/.m2/repository/com/github/virtuald/curvesapi/1.06/curvesapi-1.06.jar:/home/dell/.m2/repository/commons-io/commons-io/2.7/commons-io-2.7.jar:/home/dell/.m2/repository/mysql/mysql-connector-java/8.0.20/mysql-connector-java-8.0.20.jar:/home/dell/.m2/repository/com/google/protobuf/protobuf-java/3.6.1/protobuf-java-3.6.1.jar:/home/dell/.m2/repository/com/aventstack/extentreports/4.0.9/extentreports-4.0.9.jar:/home/dell/.m2/repository/org/freemarker/freemarker/2.3.23/freemarker-2.3.23.jar:/home/dell/.m2/repository/org/mongodb/mongodb-driver/3.3.0/mongodb-driver-3.3.0.jar:/home/dell/.m2/repository/org/mongodb/mongodb-driver-core/3.3.0/mongodb-driver-core-3.3.0.jar:/home/dell/.m2/repository/org/mongodb/bson/3.3.0/bson-3.3.0.jar:/home/dell/.m2/repository/org/apache/httpcomponents/httpmime/4.5.2/httpmime-4.5.2.jar:/home/dell/.m2/repository/org/codehaus/mojo/xslt-maven-plugin/1.0/xslt-maven-plugin-1.0.jar:/home/dell/.m2/repository/org/apache/maven/maven-plugin-api/2.0.2/maven-plugin-api-2.0.2.jar:/home/dell/.m2/repository/plexus/plexus-utils/1.0.3/plexus-utils-1.0.3.jar:/home/dell/.m2/repository/log4j/log4j/1.2.17/log4j-1.2.17.jar:"/>
    <property name="sun.cpu.endian" value="little"/>
    <property name="user.home" value="/home/dell"/>
    <property name="user.language" value="en"/>
    <property name="java.specification.vendor" value="Oracle Corporation"/>
    <property name="java.home" value="/usr/lib/java/jdk1.8.0_231/jre"/>
    <property name="basedir" value="/home/dell/shivaNewWorkspace/developmentDemo3"/>
    <property name="file.separator" value="/"/>
    <property name="line.separator" value="&#10;"/>
    <property name="java.vm.specification.vendor" value="Oracle Corporation"/>
    <property name="java.specification.name" value="Java Platform API Specification"/>
    <property name="java.awt.graphicsenv" value="sun.awt.X11GraphicsEnvironment"/>
    <property name="surefire.real.class.path" value="/home/dell/shivaNewWorkspace/developmentDemo3/target/surefire/surefirebooter5309500135671167296.jar"/>
    <property name="sun.boot.class.path" value="/usr/lib/java/jdk1.8.0_231/jre/lib/resources.jar:/usr/lib/java/jdk1.8.0_231/jre/lib/rt.jar:/usr/lib/java/jdk1.8.0_231/jre/lib/sunrsasign.jar:/usr/lib/java/jdk1.8.0_231/jre/lib/jsse.jar:/usr/lib/java/jdk1.8.0_231/jre/lib/jce.jar:/usr/lib/java/jdk1.8.0_231/jre/lib/charsets.jar:/usr/lib/java/jdk1.8.0_231/jre/lib/jfr.jar:/usr/lib/java/jdk1.8.0_231/jre/classes"/>
    <property name="webdriver.chrome.logfile" value="/home/dell/shivaNewWorkspace/developmentDemo3/chromeLogPath/myChromeLOgs_1594629756784.log"/>
    <property name="sun.management.compiler" value="HotSpot 64-Bit Tiered Compilers"/>
    <property name="java.runtime.version" value="1.8.0_231-b11"/>
    <property name="user.name" value="dell"/>
    <property name="path.separator" value=":"/>
    <property name="os.version" value="4.15.0-108-generic"/>
    <property name="java.endorsed.dirs" value="/usr/lib/java/jdk1.8.0_231/jre/lib/endorsed"/>
    <property name="java.runtime.name" value="Java(TM) SE Runtime Environment"/>
    <property name="file.encoding" value="UTF-8"/>
    <property name="java.vm.name" value="Java HotSpot(TM) 64-Bit Server VM"/>
    <property name="localRepository" value="/home/dell/.m2/repository"/>
    <property name="java.vendor.url.bug" value="http://bugreport.sun.com/bugreport/"/>
    <property name="java.io.tmpdir" value="/tmp"/>
    <property name="java.version" value="1.8.0_231"/>
    <property name="user.dir" value="/home/dell/shivaNewWorkspace/developmentDemo3"/>
    <property name="os.arch" value="amd64"/>
    <property name="java.vm.specification.name" value="Java Virtual Machine Specification"/>
    <property name="java.awt.printerjob" value="sun.print.PSPrinterJob"/>
    <property name="sun.os.patch.level" value="unknown"/>
    <property name="java.library.path" value="/usr/java/packages/lib/amd64:/usr/lib64:/lib64:/lib:/usr/lib"/>
    <property name="java.vm.info" value="mixed mode"/>
    <property name="java.vendor" value="Oracle Corporation"/>
    <property name="java.vm.version" value="25.231-b11"/>
    <property name="java.ext.dirs" value="/usr/lib/java/jdk1.8.0_231/jre/lib/ext:/usr/java/packages/lib/ext"/>
    <property name="sun.io.unicode.encoding" value="UnicodeLittle"/>
    <property name="java.class.version" value="52.0"/>
  </properties>
  <testcase name="operations" classname="dav.TestFactory.TestClass1" time="11.54"/>
</testsuite>