<?xml version="1.0" encoding="UTF-8"?>
<!-- Generated by org.testng.reporters.JUnitReportReporter -->
<testsuite skipped="0" hostname="dell-Inspiron-3521" name="dav.TestFactory.TestClass1" tests="1" failures="0" timestamp="13 Jul 2020 08:49:40 GMT" time="12.277" errors="0">
  <testcase name="operations" time="12.277" classname="dav.TestFactory.TestClass1"/>
</testsuite> <!-- dav.TestFactory.TestClass1 -->
